\BOOKMARK [0][-]{section*.1}{\376\377\000\315\000n\000d\000i\000c\000e\000\040\000g\000e\000n\000e\000r\000a\000l}{}% 1
\BOOKMARK [0][-]{section*.2}{\376\377\000\315\000n\000d\000i\000c\000e\000\040\000d\000e\000\040\000f\000i\000g\000u\000r\000a\000s}{}% 2
\BOOKMARK [0][-]{section*.3}{\376\377\000\315\000n\000d\000i\000c\000e\000\040\000d\000e\000\040\000t\000a\000b\000l\000a\000s}{}% 3
\BOOKMARK [0][-]{chapter*.4}{\376\377\0001\000.\000\040\000I\000n\000t\000r\000o\000d\000u\000c\000c\000i\000\363\000n}{}% 4
\BOOKMARK [1][-]{section.1.1}{\376\377\000M\000o\000t\000i\000v\000a\000c\000i\000\363\000n}{chapter*.4}% 5
\BOOKMARK [1][-]{section.1.2}{\376\377\000O\000b\000j\000e\000t\000i\000v\000o\000s}{chapter*.4}% 6
\BOOKMARK [1][-]{section.1.3}{\376\377\000E\000s\000t\000r\000u\000c\000t\000u\000r\000a\000\040\000d\000e\000l\000\040\000d\000o\000c\000u\000m\000e\000n\000t\000o}{chapter*.4}% 7
\BOOKMARK [0][-]{chapter*.5}{\376\377\0002\000.\000\040\000M\000a\000r\000c\000o\000\040\000t\000e\000\363\000r\000i\000c\000o\000\040\000y\000\040\000e\000s\000t\000a\000d\000o\000\040\000d\000e\000l\000\040\000a\000r\000t\000e}{}% 8
\BOOKMARK [1][-]{section.2.1}{\376\377\000A\000c\000e\000r\000c\000a\000\040\000d\000e\000l\000\040\000p\000h\000i\000s\000h\000i\000n\000g}{chapter*.5}% 9
\BOOKMARK [1][-]{section.2.2}{\376\377\000M\000e\000t\000o\000d\000o\000l\000o\000g\000\355\000a\000s\000\040\000d\000e\000\040\000d\000e\000t\000e\000c\000c\000i\000\363\000n\000\040\000d\000e\000\040\000p\000h\000i\000s\000h\000i\000n\000g\000\040\000e\000n\000\040\000p\000\341\000g\000i\000n\000a\000s\000\040\000w\000e\000b}{chapter*.5}% 10
\BOOKMARK [1][-]{section.2.3}{\376\377\000R\000e\000v\000i\000s\000i\000\363\000n\000\040\000l\000i\000t\000e\000r\000a\000r\000i\000a}{chapter*.5}% 11
\BOOKMARK [1][-]{section.2.4}{\376\377\000B\000i\000b\000l\000i\000o\000t\000e\000c\000a\000s\000\040\000d\000e\000\040\000m\000a\000n\000i\000p\000u\000l\000a\000c\000i\000\363\000n\000\040\000d\000e\000\040\000d\000a\000t\000o\000s}{chapter*.5}% 12
\BOOKMARK [1][-]{section.2.5}{\376\377\000A\000c\000e\000r\000c\000a\000\040\000d\000e\000\040\000c\000o\000n\000v\000e\000n\000c\000i\000o\000n\000e\000s\000\040\000s\000o\000b\000r\000e\000\040\000e\000l\000a\000b\000o\000r\000a\000c\000i\000\363\000n\000\040\000d\000e\000\040\000c\000\363\000d\000i\000g\000o\000\040\000y\000\040\000b\000i\000b\000l\000i\000o\000t\000e\000c\000a\000s}{chapter*.5}% 13
\BOOKMARK [0][-]{chapter*.6}{\376\377\0003\000.\000\040\000D\000e\000s\000a\000r\000r\000o\000l\000l\000o\000\040\000d\000e\000l\000\040\000p\000r\000o\000y\000e\000c\000t\000o}{}% 14
\BOOKMARK [0][-]{chapter*.7}{\376\377\0004\000.\000\040\000R\000e\000s\000u\000l\000t\000a\000d\000o\000s\000\040\000y\000\040\000d\000i\000s\000c\000u\000s\000i\000\363\000n}{}% 15
\BOOKMARK [0][-]{chapter*.8}{\376\377\0005\000.\000\040\000C\000o\000n\000c\000l\000u\000s\000i\000o\000n\000e\000s\000\040\000y\000\040\000L\000\355\000n\000e\000a\000s\000\040\000d\000e\000\040\000t\000r\000a\000b\000a\000j\000o\000\040\000f\000u\000t\000u\000r\000a\000s}{}% 16
\BOOKMARK [-1][-]{chapter*.8}{\376\377\000A\000p\000\351\000n\000d\000i\000c\000e\000s}{}% 17
\BOOKMARK [0][-]{appendix.Alph1}{\376\377\000P\000l\000a\000n\000\040\000d\000e\000\040\000P\000r\000o\000y\000e\000c\000t\000o}{chapter*.8}% 18
\BOOKMARK [1][-]{section.Alph1.1}{\376\377\000I\000n\000t\000r\000o\000d\000u\000c\000c\000i\000\363\000n}{appendix.Alph1}% 19
\BOOKMARK [1][-]{section.Alph1.2}{\376\377\000P\000l\000a\000n\000i\000f\000i\000c\000a\000c\000i\000\363\000n\000\040\000t\000e\000m\000p\000o\000r\000a\000l}{appendix.Alph1}% 20
\BOOKMARK [1][-]{section.Alph1.3}{\376\377\000E\000s\000t\000u\000d\000i\000o\000\040\000d\000e\000\040\000v\000i\000a\000b\000i\000l\000i\000d\000a\000d}{appendix.Alph1}% 21
\BOOKMARK [0][-]{appendix.Alph2}{\376\377\000D\000o\000c\000u\000m\000e\000n\000t\000a\000c\000i\000\363\000n\000\040\000d\000e\000l\000\040\000P\000r\000o\000g\000r\000a\000m\000a\000d\000o\000r}{chapter*.8}% 22
\BOOKMARK [1][-]{section.Alph2.1}{\376\377\000I\000n\000t\000r\000o\000d\000u\000c\000c\000i\000\363\000n}{appendix.Alph2}% 23
\BOOKMARK [1][-]{section.Alph2.2}{\376\377\000E\000s\000t\000r\000u\000c\000t\000u\000r\000a\000\040\000d\000e\000\040\000d\000i\000r\000e\000c\000t\000o\000r\000i\000o\000s}{appendix.Alph2}% 24
\BOOKMARK [1][-]{section.Alph2.3}{\376\377\000M\000a\000n\000u\000a\000l\000\040\000d\000e\000l\000\040\000p\000r\000o\000g\000r\000a\000m\000a\000d\000o\000r}{appendix.Alph2}% 25
\BOOKMARK [1][-]{section.Alph2.4}{\376\377\000C\000o\000m\000p\000i\000l\000a\000c\000i\000\363\000n\000,\000\040\000i\000n\000s\000t\000a\000l\000a\000c\000i\000\363\000n\000\040\000y\000\040\000e\000j\000e\000c\000u\000c\000i\000\363\000n\000\040\000d\000e\000l\000\040\000p\000r\000o\000y\000e\000c\000t\000o}{appendix.Alph2}% 26
\BOOKMARK [1][-]{section.Alph2.5}{\376\377\000P\000r\000u\000e\000b\000a\000s\000\040\000d\000e\000l\000\040\000s\000i\000s\000t\000e\000m\000a}{appendix.Alph2}% 27
\BOOKMARK [0][-]{appendix*.13}{\376\377\000B\000i\000b\000l\000i\000o\000g\000r\000a\000f\000\355\000a}{chapter*.8}% 28
